Streaming transaction logs mentioning GYQP75VdPpCU1xPsJS7CUkcBqzL718j7ihNmgJ3VESd7. Confirmed commitment
Transaction executed in slot 258:
  Signature: 5e5fv6WFCmjapTq5eKwSniMNzaSc1rzW4YLPwrp9PkJJifdnPpDWWTSs4q5j9s5ezzyrUM2STrCRe73EoD6pNM9Q
  Status: Ok
  Log Messages:
    Program GYQP75VdPpCU1xPsJS7CUkcBqzL718j7ihNmgJ3VESd7 invoke [1]
    Program log: Instruction: Initialize
    Program 11111111111111111111111111111111 invoke [2]
    Program 11111111111111111111111111111111 success
    Program 11111111111111111111111111111111 invoke [2]
    Program 11111111111111111111111111111111 success
    Program TokenkegQfeZyiNwAJbNbGKPFXCWuBvf9Ss623VQ5DA invoke [2]
    Program log: Instruction: InitializeMint2
    Program TokenkegQfeZyiNwAJbNbGKPFXCWuBvf9Ss623VQ5DA consumed 2780 of 169433 compute units
    Program TokenkegQfeZyiNwAJbNbGKPFXCWuBvf9Ss623VQ5DA success
    Program log: Stardust Protocol Initialized
    Program log: Authority: FJuHvBQ7fLk2EvRj8zBoecJQ2KJgDmGxh6R62hVJQwXe
    Program log: Stardust Mint: 4sySws8b3GEsNZf9bGMfNYpW92LfbqHWme5sLpPPVJH9
    Program GYQP75VdPpCU1xPsJS7CUkcBqzL718j7ihNmgJ3VESd7 consumed 61376 of 200000 compute units
    Program GYQP75VdPpCU1xPsJS7CUkcBqzL718j7ihNmgJ3VESd7 success
Transaction executed in slot 259:
  Signature: 3KNgUWYbcdXKdCbP6HtgJt4jh42eX5yFDdHmojr85wYF8BPUKGpN7TCySQ1Q3uLNAsQDjU7BwrhNGtWeDfXAW5YU
  Status: Ok
  Log Messages:
    Program ATokenGPvbdGVxr1b2hvZbsiqW5xWH25efTNsLJA8knL invoke [1]
    Program log: Create
    Program TokenkegQfeZyiNwAJbNbGKPFXCWuBvf9Ss623VQ5DA invoke [2]
    Program log: Instruction: GetAccountDataSize
    Program TokenkegQfeZyiNwAJbNbGKPFXCWuBvf9Ss623VQ5DA consumed 1595 of 594635 compute units
    Program return: TokenkegQfeZyiNwAJbNbGKPFXCWuBvf9Ss623VQ5DA pQAAAAAAAAA=
    Program TokenkegQfeZyiNwAJbNbGKPFXCWuBvf9Ss623VQ5DA success
    Program 11111111111111111111111111111111 invoke [2]
    Program 11111111111111111111111111111111 success
    Program log: Initialize the associated token account
    Program TokenkegQfeZyiNwAJbNbGKPFXCWuBvf9Ss623VQ5DA invoke [2]
    Program log: Instruction: InitializeImmutableOwner
    Program log: Please upgrade to SPL Token 2022 for immutable owner support
    Program TokenkegQfeZyiNwAJbNbGKPFXCWuBvf9Ss623VQ5DA consumed 1405 of 588022 compute units
    Program TokenkegQfeZyiNwAJbNbGKPFXCWuBvf9Ss623VQ5DA success
    Program TokenkegQfeZyiNwAJbNbGKPFXCWuBvf9Ss623VQ5DA invoke [2]
    Program log: Instruction: InitializeAccount3
    Program TokenkegQfeZyiNwAJbNbGKPFXCWuBvf9Ss623VQ5DA consumed 4214 of 584141 compute units
    Program TokenkegQfeZyiNwAJbNbGKPFXCWuBvf9Ss623VQ5DA success
    Program ATokenGPvbdGVxr1b2hvZbsiqW5xWH25efTNsLJA8knL consumed 20356 of 600000 compute units
    Program ATokenGPvbdGVxr1b2hvZbsiqW5xWH25efTNsLJA8knL success
    Program GYQP75VdPpCU1xPsJS7CUkcBqzL718j7ihNmgJ3VESd7 invoke [1]
    Program log: Instruction: ClaimStardust
    Program 11111111111111111111111111111111 invoke [2]
    Program 11111111111111111111111111111111 success
    Program TokenkegQfeZyiNwAJbNbGKPFXCWuBvf9Ss623VQ5DA invoke [2]
    Program log: Instruction: MintTo
    Program TokenkegQfeZyiNwAJbNbGKPFXCWuBvf9Ss623VQ5DA consumed 4492 of 553608 compute units
    Program TokenkegQfeZyiNwAJbNbGKPFXCWuBvf9Ss623VQ5DA success
    Program log: Stardust Claimed!
    Program log: User: 2JCugwMvqjCa56Y7ysLQia15cuv9DwAkLgcu1WBRZd6M
    Program log: Claimed Amount: 1000000000000
    Program log: Total Lifetime Claimed: 1000000000000
    Program data: 4wHCLU7uXvMTRAaMSyFNKBL6ftVH81xKFd1lzppZMLgKZCQ5uVrsRgAQpdToAAAAABCl1OgAAAAFXF9pAAAAAA==
    Program GYQP75VdPpCU1xPsJS7CUkcBqzL718j7ihNmgJ3VESd7 consumed 45988 of 579644 compute units
    Program GYQP75VdPpCU1xPsJS7CUkcBqzL718j7ihNmgJ3VESd7 success
Transaction executed in slot 260:
  Signature: 4mKyguieRVvvDzFoSJ4HZS3imgsCDqefgBvLKe8pYJiAnk4Vt6iHQR1CbVyLxn3CM7VCNmDFE2Bu5GY5Xh31WNQP
  Status: Ok
  Log Messages:
    Program GYQP75VdPpCU1xPsJS7CUkcBqzL718j7ihNmgJ3VESd7 invoke [1]
    Program log: Instruction: ClaimStardust
    Program TokenkegQfeZyiNwAJbNbGKPFXCWuBvf9Ss623VQ5DA invoke [2]
    Program log: Instruction: MintTo
    Program TokenkegQfeZyiNwAJbNbGKPFXCWuBvf9Ss623VQ5DA consumed 4492 of 377331 compute units
    Program TokenkegQfeZyiNwAJbNbGKPFXCWuBvf9Ss623VQ5DA success
    Program log: Stardust Claimed!
    Program log: User: 2JCugwMvqjCa56Y7ysLQia15cuv9DwAkLgcu1WBRZd6M
    Program log: Claimed Amount: 1500000000000
    Program log: Total Lifetime Claimed: 2500000000000
    Program data: 4wHCLU7uXvMTRAaMSyFNKBL6ftVH81xKFd1lzppZMLgKZCQ5uVrsRgCY9z5dAQAAAKicE0YCAAAGXF9pAAAAAA==
    Program GYQP75VdPpCU1xPsJS7CUkcBqzL718j7ihNmgJ3VESd7 consumed 42621 of 400000 compute units
    Program GYQP75VdPpCU1xPsJS7CUkcBqzL718j7ihNmgJ3VESd7 success
